# JRE version: Java(TM) SE Runtime Environment (8.0_91-b15) (build 1.8.0_91-b15)
# Java VM: Java HotSpot(TM) 64-Bit Server VM (25.91-b15 mixed mode windows-amd64 compressed oops)
Heap:
 PSYoungGen      total 605184K, used 342710K [0x00000000d5580000, 0x0000000100000000, 0x0000000100000000)
  eden space 511488K, 67% used [0x00000000d5580000,0x00000000ea42dbd8,0x00000000f4900000)
  from space 93696K, 0% used [0x00000000f4900000,0x00000000f4900000,0x00000000fa480000)
  to   space 91136K, 0% used [0x00000000fa700000,0x00000000fa700000,0x0000000100000000)
 ParOldGen       total 231424K, used 131588K [0x0000000080000000, 0x000000008e200000, 0x00000000d5580000)
  object space 231424K, 56% used [0x0000000080000000,0x00000000880812e0,0x000000008e200000)
 Metaspace       used 76412K, capacity 79338K, committed 83584K, reserved 1122304K
  class space    used 9749K, capacity 10489K, committed 11648K, reserved 1048576K
GC Heap History (10 events):
Event: 262.352 GC heap before
{Heap before GC invocations=27 (full 7):
 PSYoungGen      total 552960K, used 474624K [0x00000000d5580000, 0x00000000fc900000, 0x0000000100000000)
  eden space 474624K, 100% used [0x00000000d5580000,0x00000000f2500000,0x00000000f2500000)
  from space 78336K, 0% used [0x00000000f7480000,0x00000000f7480000,0x00000000fc100000)
  to   space 81408K, 0% used [0x00000000f2500000,0x00000000f2500000,0x00000000f7480000)
 ParOldGen       total 231424K, used 191150K [0x0000000080000000, 0x000000008e200000, 0x00000000d5580000)
  object space 231424K, 82% used [0x0000000080000000,0x000000008baabad8,0x000000008e200000)
 Metaspace       used 76336K, capacity 79338K, committed 83584K, reserved 1122304K
  class space    used 9748K, capacity 10489K, committed 11648K, reserved 1048576K
Event: 263.280 GC heap after
Heap after GC invocations=27 (full 7):
 PSYoungGen      total 552960K, used 0K [0x00000000d5580000, 0x00000000fc900000, 0x0000000100000000)
  eden space 474624K, 0% used [0x00000000d5580000,0x00000000d5580000,0x00000000f2500000)
  from space 78336K, 0% used [0x00000000f7480000,0x00000000f7480000,0x00000000fc100000)
  to   space 81408K, 0% used [0x00000000f2500000,0x00000000f2500000,0x00000000f7480000)
 ParOldGen       total 231424K, used 174474K [0x0000000080000000, 0x000000008e200000, 0x00000000d5580000)
  object space 231424K, 75% used [0x0000000080000000,0x000000008aa62be0,0x000000008e200000)
 Metaspace       used 76336K, capacity 79338K, committed 83584K, reserved 1122304K
  class space    used 9748K, capacity 10489K, committed 11648K, reserved 1048576K
}
Event: 265.623 GC heap before
{Heap before GC invocations=28 (full 7):
 PSYoungGen      total 552960K, used 474624K [0x00000000d5580000, 0x00000000fc900000, 0x0000000100000000)
  eden space 474624K, 100% used [0x00000000d5580000,0x00000000f2500000,0x00000000f2500000)
  from space 78336K, 0% used [0x00000000f7480000,0x00000000f7480000,0x00000000fc100000)
  to   space 81408K, 0% used [0x00000000f2500000,0x00000000f2500000,0x00000000f7480000)
 ParOldGen       total 231424K, used 176100K [0x0000000080000000, 0x000000008e200000, 0x00000000d5580000)
  object space 231424K, 76% used [0x0000000080000000,0x000000008abf90d0,0x000000008e200000)
 Metaspace       used 76380K, capacity 79338K, committed 83584K, reserved 1122304K
  class space    used 9749K, capacity 10489K, committed 11648K, reserved 1048576K
Event: 265.697 GC heap after
Heap after GC invocations=28 (full 7):
 PSYoungGen      total 556032K, used 31882K [0x00000000d5580000, 0x00000000ff980000, 0x0000000100000000)
  eden space 474624K, 0% used [0x00000000d5580000,0x00000000d5580000,0x00000000f2500000)
  from space 81408K, 39% used [0x00000000f2500000,0x00000000f44229a8,0x00000000f7480000)
  to   space 76800K, 0% used [0x00000000fae80000,0x00000000fae80000,0x00000000ff980000)
 ParOldGen       total 231424K, used 176100K [0x0000000080000000, 0x000000008e200000, 0x00000000d5580000)
  object space 231424K, 76% used [0x0000000080000000,0x000000008abf90d0,0x000000008e200000)
 Metaspace       used 76380K, capacity 79338K, committed 83584K, reserved 1122304K
  class space    used 9749K, capacity 10489K, committed 11648K, reserved 1048576K
}
Event: 266.941 GC heap before
{Heap before GC invocations=29 (full 7):
 PSYoungGen      total 556032K, used 506506K [0x00000000d5580000, 0x00000000ff980000, 0x0000000100000000)
  eden space 474624K, 100% used [0x00000000d5580000,0x00000000f2500000,0x00000000f2500000)
  from space 81408K, 39% used [0x00000000f2500000,0x00000000f44229a8,0x00000000f7480000)
  to   space 76800K, 0% used [0x00000000fae80000,0x00000000fae80000,0x00000000ff980000)
 ParOldGen       total 231424K, used 176102K [0x0000000080000000, 0x000000008e200000, 0x00000000d5580000)
  object space 231424K, 76% used [0x0000000080000000,0x000000008abf9a48,0x000000008e200000)
 Metaspace       used 76390K, capacity 79338K, committed 83584K, reserved 1122304K
  class space    used 9749K, capacity 10489K, committed 11648K, reserved 1048576K
Event: 267.136 GC heap after
Heap after GC invocations=29 (full 7):
 PSYoungGen      total 588288K, used 76782K [0x00000000d5580000, 0x0000000100000000, 0x0000000100000000)
  eden space 511488K, 0% used [0x00000000d5580000,0x00000000d5580000,0x00000000f4900000)
  from space 76800K, 99% used [0x00000000fae80000,0x00000000ff97b9c0,0x00000000ff980000)
  to   space 93696K, 0% used [0x00000000f4900000,0x00000000f4900000,0x00000000fa480000)
 ParOldGen       total 231424K, used 188638K [0x0000000080000000, 0x000000008e200000, 0x00000000d5580000)
  object space 231424K, 81% used [0x0000000080000000,0x000000008b837860,0x000000008e200000)
 Metaspace       used 76390K, capacity 79338K, committed 83584K, reserved 1122304K
  class space    used 9749K, capacity 10489K, committed 11648K, reserved 1048576K
}
Event: 269.974 GC heap before
{Heap before GC invocations=30 (full 7):
 PSYoungGen      total 588288K, used 588270K [0x00000000d5580000, 0x0000000100000000, 0x0000000100000000)
  eden space 511488K, 100% used [0x00000000d5580000,0x00000000f4900000,0x00000000f4900000)
  from space 76800K, 99% used [0x00000000fae80000,0x00000000ff97b9c0,0x00000000ff980000)
  to   space 93696K, 0% used [0x00000000f4900000,0x00000000f4900000,0x00000000fa480000)
 ParOldGen       total 231424K, used 188638K [0x0000000080000000, 0x000000008e200000, 0x00000000d5580000)
  object space 231424K, 81% used [0x0000000080000000,0x000000008b837860,0x000000008e200000)
 Metaspace       used 76403K, capacity 79338K, committed 83584K, reserved 1122304K
  class space    used 9749K, capacity 10489K, committed 11648K, reserved 1048576K
Event: 270.129 GC heap after
Heap after GC invocations=30 (full 7):
 PSYoungGen      total 605184K, used 21294K [0x00000000d5580000, 0x0000000100000000, 0x0000000100000000)
  eden space 511488K, 0% used [0x00000000d5580000,0x00000000d5580000,0x00000000f4900000)
  from space 93696K, 22% used [0x00000000f4900000,0x00000000f5dcbaf0,0x00000000fa480000)
  to   space 91136K, 0% used [0x00000000fa700000,0x00000000fa700000,0x0000000100000000)
 ParOldGen       total 231424K, used 227970K [0x0000000080000000, 0x000000008e200000, 0x00000000d5580000)
  object space 231424K, 98% used [0x0000000080000000,0x000000008dea0930,0x000000008e200000)
 Metaspace       used 76403K, capacity 79338K, committed 83584K, reserved 1122304K
  class space    used 9749K, capacity 10489K, committed 11648K, reserved 1048576K
}
Event: 270.129 GC heap before
{Heap before GC invocations=31 (full 8):
 PSYoungGen      total 605184K, used 21294K [0x00000000d5580000, 0x0000000100000000, 0x0000000100000000)
  eden space 511488K, 0% used [0x00000000d5580000,0x00000000d5580000,0x00000000f4900000)
  from space 93696K, 22% used [0x00000000f4900000,0x00000000f5dcbaf0,0x00000000fa480000)
  to   space 91136K, 0% used [0x00000000fa700000,0x00000000fa700000,0x0000000100000000)
 ParOldGen       total 231424K, used 227970K [0x0000000080000000, 0x000000008e200000, 0x00000000d5580000)
  object space 231424K, 98% used [0x0000000080000000,0x000000008dea0930,0x000000008e200000)
 Metaspace       used 76403K, capacity 79338K, committed 83584K, reserved 1122304K
  class space    used 9749K, capacity 10489K, committed 11648K, reserved 1048576K
Event: 271.092 GC heap after
Heap after GC invocations=31 (full 8):
 PSYoungGen      total 605184K, used 0K [0x00000000d5580000, 0x0000000100000000, 0x0000000100000000)
  eden space 511488K, 0% used [0x00000000d5580000,0x00000000d5580000,0x00000000f4900000)
  from space 93696K, 0% used [0x00000000f4900000,0x00000000f4900000,0x00000000fa480000)
  to   space 91136K, 0% used [0x00000000fa700000,0x00000000fa700000,0x0000000100000000)
 ParOldGen       total 231424K, used 131588K [0x0000000080000000, 0x000000008e200000, 0x00000000d5580000)
  object space 231424K, 56% used [0x0000000080000000,0x00000000880812e0,0x000000008e200000)
 Metaspace       used 76403K, capacity 79338K, committed 83584K, reserved 1122304K
  class space    used 9749K, capacity 10489K, committed 11648K, reserved 1048576K
}

